<?xml version="1.0" encoding="UTF-8"?>
<testng-results ignored="0" total="2" passed="2" failed="0" skipped="0">
  <reporter-output>
  </reporter-output>
  <suite started-at="2026-02-23T10:04:15 IST" name="employeeManagement" finished-at="2026-02-23T10:04:26 IST" duration-ms="11113">
    <groups>
    </groups>
    <test started-at="2026-02-23T10:04:15 IST" name="Employee Management Test" finished-at="2026-02-23T10:04:26 IST" duration-ms="11113">
      <class name="testCases.TC_0001LoginPageTestclass">
        <test-method is-config="true" signature="setUp()[pri:0, instance:testCases.TC_0001LoginPageTestclass@74e52ef6]" started-at="2026-02-23T10:04:15 IST" name="setUp" finished-at="2026-02-23T10:04:18 IST" duration-ms="3240" status="PASS">
          <reporter-output>
          </reporter-output>
        </test-method> <!-- setUp -->
        <test-method signature="LoginPageTest()[pri:0, instance:testCases.TC_0001LoginPageTestclass@74e52ef6]" started-at="2026-02-23T10:04:18 IST" name="LoginPageTest" finished-at="2026-02-23T10:04:19 IST" duration-ms="564" status="PASS">
          <reporter-output>
          </reporter-output>
        </test-method> <!-- LoginPageTest -->
        <test-method is-config="true" signature="tearDown()[pri:0, instance:testCases.TC_0001LoginPageTestclass@74e52ef6]" started-at="2026-02-23T10:04:19 IST" name="tearDown" finished-at="2026-02-23T10:04:19 IST" duration-ms="4" status="PASS">
          <reporter-output>
          </reporter-output>
        </test-method> <!-- tearDown -->
      </class> <!-- testCases.TC_0001LoginPageTestclass -->
      <class name="testCases.TC_0002EmployeeManagementCard">
        <test-method is-config="true" signature="setUp()[pri:0, instance:testCases.TC_0002EmployeeManagementCard@198b6731]" started-at="2026-02-23T10:04:19 IST" name="setUp" finished-at="2026-02-23T10:04:21 IST" duration-ms="1955" status="PASS">
          <reporter-output>
          </reporter-output>
        </test-method> <!-- setUp -->
        <test-method signature="EmployeeManagementCardTest()[pri:0, instance:testCases.TC_0002EmployeeManagementCard@198b6731]" started-at="2026-02-23T10:04:21 IST" name="EmployeeManagementCardTest" finished-at="2026-02-23T10:04:26 IST" duration-ms="5263" status="PASS">
          <reporter-output>
          </reporter-output>
        </test-method> <!-- EmployeeManagementCardTest -->
        <test-method is-config="true" signature="tearDown()[pri:0, instance:testCases.TC_0002EmployeeManagementCard@198b6731]" started-at="2026-02-23T10:04:26 IST" name="tearDown" finished-at="2026-02-23T10:04:26 IST" duration-ms="0" status="PASS">
          <reporter-output>
          </reporter-output>
        </test-method> <!-- tearDown -->
      </class> <!-- testCases.TC_0002EmployeeManagementCard -->
    </test> <!-- Employee Management Test -->
  </suite> <!-- employeeManagement -->
</testng-results>
