<?xml version="1.0" encoding="UTF-8"?>
<testng-results ignored="0" total="1" passed="1" failed="0" skipped="0">
  <reporter-output>
  </reporter-output>
  <suite started-at="2026-02-21T07:04:44 IST" name="Default suite" finished-at="2026-02-21T07:04:53 IST" duration-ms="9327">
    <groups>
    </groups>
    <test started-at="2026-02-21T07:04:44 IST" name="Default test" finished-at="2026-02-21T07:04:53 IST" duration-ms="9327">
      <class name="testCases.TC_0004UnmapTestclass">
        <test-method is-config="true" signature="setUp()[pri:0, instance:testCases.TC_0004UnmapTestclass@bcec361]" started-at="2026-02-21T07:04:44 IST" name="setUp" finished-at="2026-02-21T07:04:47 IST" duration-ms="3267" status="PASS">
          <reporter-output>
          </reporter-output>
        </test-method> <!-- setUp -->
        <test-method signature="UnmapTest()[pri:0, instance:testCases.TC_0004UnmapTestclass@bcec361]" started-at="2026-02-21T07:04:47 IST" name="UnmapTest" finished-at="2026-02-21T07:04:53 IST" duration-ms="5988" status="PASS">
          <reporter-output>
          </reporter-output>
        </test-method> <!-- UnmapTest -->
        <test-method is-config="true" signature="tearDown()[pri:0, instance:testCases.TC_0004UnmapTestclass@bcec361]" started-at="2026-02-21T07:04:53 IST" name="tearDown" finished-at="2026-02-21T07:04:53 IST" duration-ms="1" status="PASS">
          <reporter-output>
          </reporter-output>
        </test-method> <!-- tearDown -->
      </class> <!-- testCases.TC_0004UnmapTestclass -->
    </test> <!-- Default test -->
  </suite> <!-- Default suite -->
</testng-results>
