<?xml version="1.0" encoding="UTF-8"?>
<!-- Generated by org.testng.reporters.JUnitXMLReporter -->
<testsuite ignored="0" hostname="varsity-tech-5" failures="0" tests="2" name="Employee Management Test" time="11.113" errors="0" timestamp="2026-02-23T10:04:26 IST">
  <testcase classname="testCases.TC_0001LoginPageTestclass" name="LoginPageTest" time="0.564"/>
  <testcase classname="testCases.TC_0002EmployeeManagementCard" name="EmployeeManagementCardTest" time="5.263"/>
</testsuite> <!-- Employee Management Test -->
