<?xml version="1.0" encoding="UTF-8"?>
<!-- Generated by org.testng.reporters.JUnitXMLReporter -->
<testsuite ignored="0" hostname="varsity-tech-5" failures="0" tests="2" name="Employee Management Test" time="10.89" errors="0" timestamp="2026-02-23T10:23:52 IST">
  <testcase classname="testCases.TC_0001LoginPageTestclass" name="LoginPageTest" time="0.492"/>
  <testcase classname="testCases.TC_0002EmployeeManagementCard" name="EmployeeManagementCardTest" time="5.249"/>
</testsuite> <!-- Employee Management Test -->
